<?xml version="1.0" encoding="UTF-8"?>
<testsuite name="automationApi.teste.UsuarioTeste" tests="2" skipped="0" failures="0" errors="0" timestamp="2021-09-08T12:28:47" hostname="CPX-39AGG7UH6HD" time="0.934">
  <properties/>
  <testcase name="testeCriarUsuarioComSucesso()" classname="automationApi.teste.UsuarioTeste" time="0.617"/>
  <testcase name="testeListaPaginaUsuarioEspecifica()" classname="automationApi.teste.UsuarioTeste" time="0.316"/>
  <system-out><![CDATA[]]></system-out>
  <system-err><![CDATA[]]></system-err>
</testsuite>
