<?xml version="1.0" encoding="UTF-8"?>
<testsuite name="automationApi.AppTest" tests="1" skipped="0" failures="0" errors="0" timestamp="2021-09-07T18:49:34" hostname="CPX-39AGG7UH6HD" time="3.297">
  <properties/>
  <testcase name="testeCriarUsuarioComSucesso()" classname="automationApi.AppTest" time="3.297"/>
  <system-out><![CDATA[]]></system-out>
  <system-err><![CDATA[]]></system-err>
</testsuite>
